<?xml version="1.0" encoding="UTF-8"?>
<testsuite name="com.restaurante.remy.servicio.UsuarioServiceTest" tests="1" skipped="0" failures="0" errors="0" timestamp="2023-06-01T13:51:18" hostname="JDAVIDARCILA" time="78.874">
  <properties/>
  <testcase name="buscarTodoUsuario" classname="com.restaurante.remy.servicio.UsuarioServiceTest" time="78.874"/>
  <system-out><![CDATA[]]></system-out>
  <system-err><![CDATA[]]></system-err>
</testsuite>
